<?xml version="1.0" encoding="UTF-8"?>
<!-- Generated by org.testng.reporters.JUnitReportReporter -->
<testsuite skipped="0" hostname="DESKTOP-KA84PVC" name="qaautomation.tugas5.Tugas5" tests="1" failures="0" timestamp="13 Jan 2022 16:33:44 GMT" time="4.734" errors="0">
  <testcase name="signUpAPI" time="4.734" classname="qaautomation.tugas5.Tugas5"/>
</testsuite> <!-- qaautomation.tugas5.Tugas5 -->
