<?xml version="1.0" encoding="UTF-8"?>
<!-- Generated by org.testng.reporters.JUnitReportReporter -->
<testsuite skipped="0" hostname="DESKTOP-KA84PVC" name="qaautomation.tugasBatch6.AppTest" tests="1" failures="0" timestamp="02 Jan 2022 04:13:03 GMT" time="0.060" errors="0">
  <testcase name="shouldAnswerWithTrue" time="0.060" classname="qaautomation.tugasBatch6.AppTest"/>
</testsuite> <!-- qaautomation.tugasBatch6.AppTest -->
