<?xml version="1.0" encoding="UTF-8"?>
<!-- Generated by org.testng.reporters.JUnitReportReporter -->
<testsuite skipped="0" hostname="DESKTOP-KA84PVC" name="qaautomation.tugas3.Tugas3" tests="1" failures="0" timestamp="07 Jan 2022 15:39:55 GMT" time="11.571" errors="0">
  <testcase name="chooseemail" time="11.571" classname="qaautomation.tugas3.Tugas3"/>
</testsuite> <!-- qaautomation.tugas3.Tugas3 -->
