<?xml version="1.0" encoding="UTF-8"?>
<!-- Generated by org.testng.reporters.JUnitReportReporter -->
<testsuite skipped="0" hostname="DESKTOP-KA84PVC" name="qaautomation.tugas4.Tugas4" tests="1" failures="0" timestamp="07 Jan 2022 16:59:41 GMT" time="19.800" errors="0">
  <testcase name="test" time="19.800" classname="qaautomation.tugas4.Tugas4"/>
</testsuite> <!-- qaautomation.tugas4.Tugas4 -->
